Flow report for semafor
Wed Apr 20 10:15:27 2016
Quartus Prime Version 15.1.0 Build 185 10/21/2015 SJ Standard Edition


---------------------
; Table of Contents ;
---------------------
  1. Legal Notice
  2. Flow Summary
  3. Flow Settings
  4. Flow Non-Default Global Settings
  5. Flow Elapsed Time
  6. Flow OS Summary
  7. Flow Log
  8. Flow Messages
  9. Flow Suppressed Messages



----------------
; Legal Notice ;
----------------
Copyright (C) 1991-2015 Altera Corporation. All rights reserved.
Your use of Altera Corporation's design tools, logic functions 
and other software and tools, and its AMPP partner logic 
functions, and any output files from any of the foregoing 
(including device programming or simulation files), and any 
associated documentation or information are expressly subject 
to the terms and conditions of the Altera Program License 
Subscription Agreement, the Altera Quartus Prime License Agreement,
the Altera MegaCore Function License Agreement, or other 
applicable license agreement, including, without limitation, 
that your use is for the sole purpose of programming logic 
devices manufactured by Altera and sold by Altera or its 
authorized distributors.  Please refer to the applicable 
agreement for further details.



+--------------------------------------------------------------------------------------+
; Flow Summary                                                                         ;
+------------------------------------+-------------------------------------------------+
; Flow Status                        ; Successful - Wed Apr 20 10:15:27 2016           ;
; Quartus Prime Version              ; 15.1.0 Build 185 10/21/2015 SJ Standard Edition ;
; Revision Name                      ; semafor                                         ;
; Top-level Entity Name              ; dec                                             ;
; Family                             ; Cyclone IV E                                    ;
; Device                             ; EP4CE6E22A7                                     ;
; Timing Models                      ; Final                                           ;
; Total logic elements               ; 18 / 6,272 ( < 1 % )                            ;
;     Total combinational functions  ; 18 / 6,272 ( < 1 % )                            ;
;     Dedicated logic registers      ; 13 / 6,272 ( < 1 % )                            ;
; Total registers                    ; 13                                              ;
; Total pins                         ; 7 / 92 ( 8 % )                                  ;
; Total virtual pins                 ; 0                                               ;
; Total memory bits                  ; 128 / 276,480 ( < 1 % )                         ;
; Embedded Multiplier 9-bit elements ; 0 / 30 ( 0 % )                                  ;
; Total PLLs                         ; 0 / 2 ( 0 % )                                   ;
+------------------------------------+-------------------------------------------------+


+-----------------------------------------+
; Flow Settings                           ;
+-------------------+---------------------+
; Option            ; Setting             ;
+-------------------+---------------------+
; Start date & time ; 04/20/2016 10:13:43 ;
; Main task         ; Compilation         ;
; Revision Name     ; semafor             ;
+-------------------+---------------------+


+-------------------------------------------------------------------------------------------------------------------------------+
; Flow Non-Default Global Settings                                                                                              ;
+----------------------------------------+---------------------------------------+---------------+-------------+----------------+
; Assignment Name                        ; Value                                 ; Default Value ; Entity Name ; Section Id     ;
+----------------------------------------+---------------------------------------+---------------+-------------+----------------+
; COMPILER_SIGNATURE_ID                  ; 167740586920.146113642304912          ; --            ; --          ; --             ;
; EDA_DESIGN_INSTANCE_NAME               ; NA                                    ; --            ; --          ; tb             ;
; EDA_NATIVELINK_SIMULATION_SETUP_SCRIPT ; simulation/modelsim/wave.do           ; --            ; --          ; eda_simulation ;
; EDA_NATIVELINK_SIMULATION_TEST_BENCH   ; tb                                    ; --            ; --          ; eda_simulation ;
; EDA_OUTPUT_DATA_FORMAT                 ; Verilog Hdl                           ; --            ; --          ; eda_simulation ;
; EDA_SIMULATION_RUN_SCRIPT              ; simulation/modelsim/wave.do           ; --            ; --          ; eda_simulation ;
; EDA_SIMULATION_TOOL                    ; ModelSim-Altera (Verilog)             ; <None>        ; --          ; --             ;
; EDA_TEST_BENCH_ENABLE_STATUS           ; TEST_BENCH_MODE                       ; --            ; --          ; eda_simulation ;
; EDA_TEST_BENCH_FILE                    ; semafor_tb.v                          ; --            ; --          ; tb             ;
; EDA_TEST_BENCH_MODULE_NAME             ; semafor_tb                            ; --            ; --          ; tb             ;
; EDA_TEST_BENCH_NAME                    ; tb                                    ; --            ; --          ; eda_simulation ;
; EDA_TIME_SCALE                         ; 1 ps                                  ; --            ; --          ; eda_simulation ;
; EXTRACT_VERILOG_STATE_MACHINES         ; Off                                   ; On            ; --          ; --             ;
; MAX_CORE_JUNCTION_TEMP                 ; 125                                   ; --            ; --          ; --             ;
; MIN_CORE_JUNCTION_TEMP                 ; -40                                   ; --            ; --          ; --             ;
; MISC_FILE                              ; periodrom.bsf                         ; --            ; --          ; --             ;
; MISC_FILE                              ; periodrom_bb.v                        ; --            ; --          ; --             ;
; NOMINAL_CORE_SUPPLY_VOLTAGE            ; 1.2V                                  ; --            ; --          ; --             ;
; PARTITION_COLOR                        ; 16764057                              ; --            ; dec         ; Top            ;
; PARTITION_FITTER_PRESERVATION_LEVEL    ; PLACEMENT_AND_ROUTING                 ; --            ; dec         ; Top            ;
; PARTITION_NETLIST_TYPE                 ; SOURCE                                ; --            ; dec         ; Top            ;
; POWER_BOARD_THERMAL_MODEL              ; None (CONSERVATIVE)                   ; --            ; --          ; --             ;
; POWER_PRESET_COOLING_SOLUTION          ; 23 MM HEAT SINK WITH 200 LFPM AIRFLOW ; --            ; --          ; --             ;
; PROJECT_OUTPUT_DIRECTORY               ; output_files                          ; --            ; --          ; --             ;
; TOP_LEVEL_ENTITY                       ; dec                                   ; semafor       ; --          ; --             ;
+----------------------------------------+---------------------------------------+---------------+-------------+----------------+


+-------------------------------------------------------------------------------------------------------------------------------+
; Flow Elapsed Time                                                                                                             ;
+---------------------------+--------------+-------------------------+---------------------+------------------------------------+
; Module Name               ; Elapsed Time ; Average Processors Used ; Peak Virtual Memory ; Total CPU Time (on all processors) ;
+---------------------------+--------------+-------------------------+---------------------+------------------------------------+
; Analysis & Synthesis      ; 00:00:40     ; 1.0                     ; 782 MB              ; 00:00:33                           ;
; Fitter                    ; 00:00:27     ; 1.1                     ; 1207 MB             ; 00:00:07                           ;
; Assembler                 ; 00:00:05     ; 1.0                     ; 705 MB              ; 00:00:01                           ;
; TimeQuest Timing Analyzer ; 00:00:06     ; 1.0                     ; 760 MB              ; 00:00:02                           ;
; EDA Netlist Writer        ; 00:00:03     ; 1.0                     ; 669 MB              ; 00:00:01                           ;
; Total                     ; 00:01:21     ; --                      ; --                  ; 00:00:44                           ;
+---------------------------+--------------+-------------------------+---------------------+------------------------------------+


+----------------------------------------------------------------------------------------+
; Flow OS Summary                                                                        ;
+---------------------------+------------------+-----------+------------+----------------+
; Module Name               ; Machine Hostname ; OS Name   ; OS Version ; Processor type ;
+---------------------------+------------------+-----------+------------+----------------+
; Analysis & Synthesis      ; lab1n07          ; Windows 7 ; 6.1        ; x86_64         ;
; Fitter                    ; lab1n07          ; Windows 7 ; 6.1        ; x86_64         ;
; Assembler                 ; lab1n07          ; Windows 7 ; 6.1        ; x86_64         ;
; TimeQuest Timing Analyzer ; lab1n07          ; Windows 7 ; 6.1        ; x86_64         ;
; EDA Netlist Writer        ; lab1n07          ; Windows 7 ; 6.1        ; x86_64         ;
+---------------------------+------------------+-----------+------------+----------------+


------------
; Flow Log ;
------------
quartus_map --read_settings_files=on --write_settings_files=off semafor -c semafor
quartus_fit --read_settings_files=off --write_settings_files=off semafor -c semafor
quartus_asm --read_settings_files=off --write_settings_files=off semafor -c semafor
quartus_sta semafor -c semafor
quartus_eda --read_settings_files=off --write_settings_files=off semafor -c semafor



