Flow report for sinus
Wed Apr 27 13:59:41 2016
Quartus Prime Version 15.1.0 Build 185 10/21/2015 SJ Standard Edition


---------------------
; Table of Contents ;
---------------------
  1. Legal Notice
  2. Flow Summary
  3. Flow Settings
  4. Flow Non-Default Global Settings
  5. Flow Elapsed Time
  6. Flow OS Summary
  7. Flow Log
  8. Flow Messages
  9. Flow Suppressed Messages



----------------
; Legal Notice ;
----------------
Copyright (C) 1991-2015 Altera Corporation. All rights reserved.
Your use of Altera Corporation's design tools, logic functions 
and other software and tools, and its AMPP partner logic 
functions, and any output files from any of the foregoing 
(including device programming or simulation files), and any 
associated documentation or information are expressly subject 
to the terms and conditions of the Altera Program License 
Subscription Agreement, the Altera Quartus Prime License Agreement,
the Altera MegaCore Function License Agreement, or other 
applicable license agreement, including, without limitation, 
that your use is for the sole purpose of programming logic 
devices manufactured by Altera and sold by Altera or its 
authorized distributors.  Please refer to the applicable 
agreement for further details.



+--------------------------------------------------------------------------------------+
; Flow Summary                                                                         ;
+------------------------------------+-------------------------------------------------+
; Flow Status                        ; Successful - Wed Apr 27 13:59:41 2016           ;
; Quartus Prime Version              ; 15.1.0 Build 185 10/21/2015 SJ Standard Edition ;
; Revision Name                      ; sinus                                           ;
; Top-level Entity Name              ; sinus                                           ;
; Family                             ; Cyclone IV E                                    ;
; Device                             ; EP4CE115F29C7                                   ;
; Timing Models                      ; Final                                           ;
; Total logic elements               ; 99 / 114,480 ( < 1 % )                          ;
;     Total combinational functions  ; 94 / 114,480 ( < 1 % )                          ;
;     Dedicated logic registers      ; 66 / 114,480 ( < 1 % )                          ;
; Total registers                    ; 66                                              ;
; Total pins                         ; 5 / 529 ( < 1 % )                               ;
; Total virtual pins                 ; 0                                               ;
; Total memory bits                  ; 2,048 / 3,981,312 ( < 1 % )                     ;
; Embedded Multiplier 9-bit elements ; 0 / 532 ( 0 % )                                 ;
; Total PLLs                         ; 1 / 4 ( 25 % )                                  ;
+------------------------------------+-------------------------------------------------+


+-----------------------------------------+
; Flow Settings                           ;
+-------------------+---------------------+
; Option            ; Setting             ;
+-------------------+---------------------+
; Start date & time ; 04/27/2016 13:57:21 ;
; Main task         ; Compilation         ;
; Revision Name     ; sinus               ;
+-------------------+---------------------+


+-------------------------------------------------------------------------------------------------------------------------------+
; Flow Non-Default Global Settings                                                                                              ;
+----------------------------------------+---------------------------------------+---------------+-------------+----------------+
; Assignment Name                        ; Value                                 ; Default Value ; Entity Name ; Section Id     ;
+----------------------------------------+---------------------------------------+---------------+-------------+----------------+
; COMPILER_SIGNATURE_ID                  ; 167740586920.146175464103892          ; --            ; --          ; --             ;
; EDA_DESIGN_INSTANCE_NAME               ; NA                                    ; --            ; --          ; accumulator_tb ;
; EDA_DESIGN_INSTANCE_NAME               ; NA                                    ; --            ; --          ; ds_DAC_tb      ;
; EDA_DESIGN_INSTANCE_NAME               ; NA                                    ; --            ; --          ; sinus_tb       ;
; EDA_DESIGN_INSTANCE_NAME               ; NA                                    ; --            ; --          ; buttons_tb     ;
; EDA_NATIVELINK_SIMULATION_SETUP_SCRIPT ; simulation/modelsim/wave.do           ; --            ; --          ; eda_simulation ;
; EDA_NATIVELINK_SIMULATION_TEST_BENCH   ; sinus_tb                              ; --            ; --          ; eda_simulation ;
; EDA_OUTPUT_DATA_FORMAT                 ; Verilog Hdl                           ; --            ; --          ; eda_simulation ;
; EDA_SIMULATION_TOOL                    ; ModelSim-Altera (Verilog)             ; <None>        ; --          ; --             ;
; EDA_TEST_BENCH_ENABLE_STATUS           ; TEST_BENCH_MODE                       ; --            ; --          ; eda_simulation ;
; EDA_TEST_BENCH_FILE                    ; accumulator_tb.v                      ; --            ; --          ; accumulator_tb ;
; EDA_TEST_BENCH_FILE                    ; ds_DAC_tb.v                           ; --            ; --          ; ds_DAC_tb      ;
; EDA_TEST_BENCH_FILE                    ; sinus_tb.v                            ; --            ; --          ; sinus_tb       ;
; EDA_TEST_BENCH_FILE                    ; buttons_tb.v                          ; --            ; --          ; buttons_tb     ;
; EDA_TEST_BENCH_MODULE_NAME             ; accumulator_tb                        ; --            ; --          ; accumulator_tb ;
; EDA_TEST_BENCH_MODULE_NAME             ; ds_DAC_tb                             ; --            ; --          ; ds_DAC_tb      ;
; EDA_TEST_BENCH_MODULE_NAME             ; sinus_tb                              ; --            ; --          ; sinus_tb       ;
; EDA_TEST_BENCH_MODULE_NAME             ; buttons_tb                            ; --            ; --          ; buttons_tb     ;
; EDA_TEST_BENCH_NAME                    ; accumulator_tb                        ; --            ; --          ; eda_simulation ;
; EDA_TEST_BENCH_NAME                    ; sinus_tb                              ; --            ; --          ; eda_simulation ;
; EDA_TEST_BENCH_NAME                    ; ds_DAC_tb                             ; --            ; --          ; eda_simulation ;
; EDA_TEST_BENCH_NAME                    ; buttons_tb                            ; --            ; --          ; eda_simulation ;
; EDA_TIME_SCALE                         ; 1 ps                                  ; --            ; --          ; eda_simulation ;
; MAX_CORE_JUNCTION_TEMP                 ; 85                                    ; --            ; --          ; --             ;
; MIN_CORE_JUNCTION_TEMP                 ; 0                                     ; --            ; --          ; --             ;
; MISC_FILE                              ; LUT_bb.v                              ; --            ; --          ; --             ;
; MISC_FILE                              ; pll_bb.v                              ; --            ; --          ; --             ;
; MISC_FILE                              ; pll.ppf                               ; --            ; --          ; --             ;
; OUTPUT_IO_TIMING_FAR_END_VMEAS         ; Half Signal Swing                     ; --            ; --          ; --             ;
; OUTPUT_IO_TIMING_FAR_END_VMEAS         ; Half Signal Swing                     ; --            ; --          ; --             ;
; OUTPUT_IO_TIMING_NEAR_END_VMEAS        ; Half Vccio                            ; --            ; --          ; --             ;
; OUTPUT_IO_TIMING_NEAR_END_VMEAS        ; Half Vccio                            ; --            ; --          ; --             ;
; PARTITION_COLOR                        ; 16764057                              ; --            ; --          ; Top            ;
; PARTITION_FITTER_PRESERVATION_LEVEL    ; PLACEMENT_AND_ROUTING                 ; --            ; --          ; Top            ;
; PARTITION_NETLIST_TYPE                 ; SOURCE                                ; --            ; --          ; Top            ;
; POWER_BOARD_THERMAL_MODEL              ; None (CONSERVATIVE)                   ; --            ; --          ; --             ;
; POWER_PRESET_COOLING_SOLUTION          ; 23 MM HEAT SINK WITH 200 LFPM AIRFLOW ; --            ; --          ; --             ;
; PROJECT_OUTPUT_DIRECTORY               ; output_files                          ; --            ; --          ; --             ;
+----------------------------------------+---------------------------------------+---------------+-------------+----------------+


+-------------------------------------------------------------------------------------------------------------------------------+
; Flow Elapsed Time                                                                                                             ;
+---------------------------+--------------+-------------------------+---------------------+------------------------------------+
; Module Name               ; Elapsed Time ; Average Processors Used ; Peak Virtual Memory ; Total CPU Time (on all processors) ;
+---------------------------+--------------+-------------------------+---------------------+------------------------------------+
; Analysis & Synthesis      ; 00:00:42     ; 1.0                     ; 794 MB              ; 00:01:10                           ;
; Fitter                    ; 00:00:46     ; 1.0                     ; 1511 MB             ; 00:00:57                           ;
; Assembler                 ; 00:00:16     ; 1.0                     ; 716 MB              ; 00:00:16                           ;
; TimeQuest Timing Analyzer ; 00:00:08     ; 1.0                     ; 856 MB              ; 00:00:08                           ;
; EDA Netlist Writer        ; 00:00:04     ; 1.0                     ; 683 MB              ; 00:00:04                           ;
; Total                     ; 00:01:56     ; --                      ; --                  ; 00:02:35                           ;
+---------------------------+--------------+-------------------------+---------------------+------------------------------------+


+----------------------------------------------------------------------------------------+
; Flow OS Summary                                                                        ;
+---------------------------+------------------+-----------+------------+----------------+
; Module Name               ; Machine Hostname ; OS Name   ; OS Version ; Processor type ;
+---------------------------+------------------+-----------+------------+----------------+
; Analysis & Synthesis      ; lab1n07          ; Windows 7 ; 6.1        ; x86_64         ;
; Fitter                    ; lab1n07          ; Windows 7 ; 6.1        ; x86_64         ;
; Assembler                 ; lab1n07          ; Windows 7 ; 6.1        ; x86_64         ;
; TimeQuest Timing Analyzer ; lab1n07          ; Windows 7 ; 6.1        ; x86_64         ;
; EDA Netlist Writer        ; lab1n07          ; Windows 7 ; 6.1        ; x86_64         ;
+---------------------------+------------------+-----------+------------+----------------+


------------
; Flow Log ;
------------
quartus_map --read_settings_files=on --write_settings_files=off sinus -c sinus
quartus_fit --read_settings_files=off --write_settings_files=off sinus -c sinus
quartus_asm --read_settings_files=off --write_settings_files=off sinus -c sinus
quartus_sta sinus -c sinus
quartus_eda --read_settings_files=off --write_settings_files=off sinus -c sinus



